<?xml version="1.0" encoding="UTF-8"?>
<testng-results skipped="0" failed="0" ignored="0" total="2" passed="2">
  <reporter-output>
  </reporter-output>
  <suite name="Default suite" duration-ms="14662" started-at="2019-10-17T19:45:14 IST" finished-at="2019-10-17T19:45:29 IST">
    <groups>
    </groups>
    <test name="Default test" duration-ms="14662" started-at="2019-10-17T19:45:14 IST" finished-at="2019-10-17T19:45:29 IST">
      <class name="com.OHRMtestscripts.loginpageTest">
        <test-method status="PASS" signature="beforeTest()[pri:0, instance:com.OHRMtestscripts.loginpageTest@5b87ed94]" name="beforeTest" is-config="true" duration-ms="12938" started-at="2019-10-17T19:45:14 IST" finished-at="2019-10-17T19:45:27 IST">
          <reporter-output>
          </reporter-output>
        </test-method> <!-- beforeTest -->
        <test-method status="PASS" signature="loginpageTitleTest()[pri:1, instance:com.OHRMtestscripts.loginpageTest@5b87ed94]" name="loginpageTitleTest" duration-ms="12" started-at="2019-10-17T19:45:27 IST" finished-at="2019-10-17T19:45:27 IST">
          <reporter-output>
          </reporter-output>
        </test-method> <!-- loginpageTitleTest -->
        <test-method status="PASS" signature="logintest()[pri:2, instance:com.OHRMtestscripts.loginpageTest@5b87ed94]" name="logintest" duration-ms="1680" started-at="2019-10-17T19:45:27 IST" finished-at="2019-10-17T19:45:29 IST">
          <reporter-output>
          </reporter-output>
        </test-method> <!-- logintest -->
        <test-method status="PASS" signature="afterTest()[pri:0, instance:com.OHRMtestscripts.loginpageTest@5b87ed94]" name="afterTest" is-config="true" duration-ms="1" started-at="2019-10-17T19:45:29 IST" finished-at="2019-10-17T19:45:29 IST">
          <reporter-output>
          </reporter-output>
        </test-method> <!-- afterTest -->
      </class> <!-- com.OHRMtestscripts.loginpageTest -->
    </test> <!-- Default test -->
  </suite> <!-- Default suite -->
</testng-results>
